<html>
<body>
<pre>
<h1>µVision Build Log</h1>
<h2>Project:</h2>
C:\Users\jeqi\Documents\F103ZET6\STM32F103.uvproj
Project File Date:  09/06/2014

<h2>Output:</h2>
Build target 'Target 1'
compiling demo.c...
linking...
Program Size: Code=26996 RO-data=860 RW-data=360 ZI-data=21952  
FromELF: creating hex file...
".\OBJ\STM32F103.axf" - 0 Error(s), 0 Warning(s).
Load "C:\\Users\\jeqi\\Documents\\F103ZET6\\OBJ\\STM32F103.axf" 
Set JLink Project File to "C:\Users\jeqi\Documents\F103ZET6\JLinkSettings.ini"
* JLink Info: Device "STM32F103ZE" selected (512 KB flash, 64 KB RAM).
 
JLink info:
------------
DLL: V4.80g, compiled Feb 13 2014 20:50:02
Firmware: J-Link ARM V8 compiled Jan 31 2018 18:34:52
Hardware: V8.00
S/N : 20080643 
Feature(s) : RDI,FlashDL,FlashBP,JFlash,GDBFull 
 
* JLink Info: Found SWD-DP with ID 0x1BA01477
* JLink Info: Found SWD-DP with ID 0x1BA01477
* JLink Info: Found Cortex-M3 r1p1, Little endian.
* JLink Info: FPUnit: 6 code (BP) slots and 2 literal slots
* JLink Info: TPIU fitted.
* JLink Info: ETM fitted.
ROMTableAddr = 0xE00FF003
 
Target info:
------------
Device: STM32F103ZE
VTarget = 3.313V
State of Pins: 
TCK: 0, TDI: 1, TDO: 1, TMS: 0, TRES: 1, TRST: 1
Hardware-Breakpoints: 6
Software-Breakpoints: 8192
Watchpoints:          4
JTAG speed: 4000 kHz
 
Erase Done.
Programming Done.
Verify OK.
</pre>
</body>
</html>
 created
piling pwm.c...
compiling adc.c...
compiling dac.c...
compiling sim900a.c...
usr\sim900a.c(36): warning:  #767-D: conversion from pointer to smaller integer
                USART_SendData(UART4,(uint16_t)cmd);
usr\sim900a.c(38): warning:  #223-D: function "vTaskDelay" declared implicitly
                        vTaskDelay(1/portTICK_RATE_MS); //check if tx finished
usr\sim900a.c(46): warning:  #223-D: function "vTaskDelay" declared implicitly
                        vTaskDelay(5/portTICK_RATE_MS);
usr\sim900a.c: 3 warnings, 0 errors
compiling main.c...
usr\main.c(40): warning:  #550-D: variable "temp1" was set but never used
        uint16_t temp1,temp2;
usr\main.c(40): warning:  #550-D: variable "temp2" was set but never used
        uint16_t temp1,temp2;
usr\main.c(92): warning:  #111-D: statement is unreachable
        vSemaphoreCreateBinary(xMutex);
usr\main.c: 3 warnings, 0 errors
compiling nvic.c...
compiling timer4.c...
compiling uart4.c...
usr\uart4.c(163): warning:  #223-D: function "vTaskDelay" declared implicitly
                vTaskDelay(1/portTICK_RATE_MS); //check if tx finished
usr\uart4.c: 1 warning, 0 errors
compiling usart2.c...
usr\usart2.c(137): warning:  #223-D: function "vTaskDelay" declared implicitly
                vTaskDelay(1/portTICK_RATE_MS); //check if tx finished
usr\usart2.c: 1 warning, 0 errors
compiling vPrintString.c...
compiling mb.c...
compiling mbascii.c...
compiling mbfunccoils.c...
compiling mbfuncdiag.c...
compiling mbfuncdisc.c...
compiling mbfuncholding.c...
compiling mbfuncinput.c...
compiling mbfuncother.c...
compiling mbutils.c...
compiling mbcrc.c...
compiling mbrtu.c...
freemodbus-v1.5.0\modbus\rtu\mbrtu.c(153): warning:  #550-D: variable "xFrameReceived" was set but never used
      BOOL            xFrameReceived = FALSE;
freemodbus-v1.5.0\modbus\rtu\mbrtu.c(359): error: At end of source:  #18: expected a ")"
freemodbus-v1.5.0\modbus\rtu\mbrtu.c(351): error:  #274: improperly terminated macro invocation
          assert( ( eRcvState == STATE_RX_INIT ) ||
freemodbus-v1.5.0\modbus\rtu\mbrtu.c(359): error: At end of source:  #29: expected an expression
freemodbus-v1.5.0\modbus\rtu\mbrtu.c(359): error: At end of source:  #65: expected a ";"
freemodbus-v1.5.0\modbus\rtu\mbrtu.c(359): error: At end of source:  #67: expected a "}"
freemodbus-v1.5.0\modbus\rtu\mbrtu.c(359): warning: At end of source:  #940-D: missing return statement at end of non-void function "xMBRTUTimerT35Expired"
freemodbus-v1.5.0\modbus\rtu\mbrtu.c(330): warning:  #550-D: variable "xNeedPoll" was set but never used
      BOOL            xNeedPoll = FALSE;
freemodbus-v1.5.0\modbus\rtu\mbrtu.c(359): error: At end of source:  #67: expected a "}"
freemodbus-v1.5.0\modbus\rtu\mbrtu.c: 3 warnings, 6 errors
compiling mbtcp.c...
compiling portevent.c...
compiling portserial.c...
compiling porttimer.c...
".\OBJ\STM32F103.axf" - 6 Error(s), 12 Warning(s).
Target not created
